2025-08-18 18:20:49,706 - root - INFO - Initializing Real-Time Monitoring System...
2025-08-18 18:20:49,706 - root - INFO - All components initialized successfully
2025-08-18 18:20:49,706 - root - INFO - Starting real-time system for 20 seconds...
2025-08-18 18:20:49,706 - root - INFO - System Health Monitor HEALTH-000 started
2025-08-18 18:20:49,707 - root - INFO - System Health Monitor HEALTH-001 started
2025-08-18 18:20:49,707 - root - WARNING - Generated 2 alerts
2025-08-18 18:20:49,707 - root - INFO - Alert Manager started
2025-08-18 18:20:49,707 - root - WARNING - Generated 1 alerts
2025-08-18 18:20:49,707 - root - INFO - Data Processing Agent PROC-000 started
2025-08-18 18:20:49,707 - root - INFO - Data Processing Agent PROC-001 started
2025-08-18 18:20:49,707 - root - INFO - Data Processing Agent PROC-002 started
2025-08-18 18:20:50,709 - root - WARNING - Generated 1 alerts
2025-08-18 18:20:50,712 - root - WARNING - Generated 1 alerts
2025-08-18 18:20:50,983 - root - INFO - Processed alert: cpu_high
2025-08-18 18:20:51,447 - root - INFO - Processed alert: cpu_high
2025-08-18 18:20:51,645 - root - INFO - Processed alert: slow_response
2025-08-18 18:20:51,720 - root - WARNING - Generated 1 alerts
2025-08-18 18:20:52,722 - root - WARNING - Generated 2 alerts
2025-08-18 18:20:52,726 - root - WARNING - Generated 2 alerts
2025-08-18 18:20:53,727 - root - WARNING - Generated 1 alerts
2025-08-18 18:20:53,731 - root - WARNING - Generated 1 alerts
2025-08-18 18:20:54,740 - root - WARNING - Generated 1 alerts
2025-08-18 18:20:54,740 - root - WARNING - Generated 2 alerts
2025-08-18 18:20:55,754 - root - WARNING - Generated 1 alerts
2025-08-18 18:20:55,754 - root - WARNING - Generated 3 alerts
2025-08-18 18:20:56,770 - root - WARNING - Generated 2 alerts
2025-08-18 18:20:56,789 - root - INFO - Processed alert: cpu_high
2025-08-18 18:20:57,772 - root - WARNING - Generated 1 alerts
2025-08-18 18:20:57,772 - root - WARNING - Generated 1 alerts
2025-08-18 18:20:58,567 - root - INFO - Processed alert: cpu_high
2025-08-18 18:20:58,777 - root - WARNING - Generated 1 alerts
2025-08-18 18:20:58,777 - root - WARNING - Generated 1 alerts
2025-08-18 18:21:00,784 - root - WARNING - Generated 1 alerts
2025-08-18 18:21:00,784 - root - WARNING - Generated 1 alerts
2025-08-18 18:21:01,611 - root - INFO - Processed alert: memory_high
2025-08-18 18:21:02,257 - root - INFO - Processed alert: slow_response
2025-08-18 18:21:02,805 - root - WARNING - Generated 1 alerts
2025-08-18 18:21:03,045 - root - INFO - Processed alert: cpu_high
2025-08-18 18:21:03,811 - root - WARNING - Generated 1 alerts
2025-08-18 18:21:04,816 - root - WARNING - Generated 1 alerts
2025-08-18 18:21:05,252 - root - INFO - Processed alert: memory_high
2025-08-18 18:21:05,507 - root - INFO - Processed alert: slow_response
2025-08-18 18:21:05,819 - root - WARNING - Generated 1 alerts
2025-08-18 18:21:05,820 - root - WARNING - Generated 1 alerts
2025-08-18 18:21:06,837 - root - WARNING - Generated 1 alerts
2025-08-18 18:21:07,839 - root - WARNING - Generated 1 alerts
2025-08-18 18:21:07,839 - root - WARNING - Generated 1 alerts
2025-08-18 18:21:07,982 - root - INFO - Processed alert: cpu_high
2025-08-18 18:21:08,844 - root - WARNING - Generated 1 alerts
2025-08-18 18:21:09,656 - root - INFO - Processed alert: cpu_high
2025-08-18 18:21:09,708 - root - INFO - System runtime completed
2025-08-18 18:21:09,708 - root - INFO - Data Processing Agent PROC-000 stopped
2025-08-18 18:21:09,708 - root - INFO - Data Processing Agent PROC-001 stopped
2025-08-18 18:21:09,708 - root - INFO - Data Processing Agent PROC-002 stopped
2025-08-18 18:21:09,708 - root - INFO - System Health Monitor HEALTH-000 stopped
2025-08-18 18:21:09,708 - root - INFO - System Health Monitor HEALTH-001 stopped
2025-08-18 18:21:09,708 - root - INFO - All components stopped gracefully
2025-08-18 18:21:09,708 - root - INFO - Real-time system completed after 20.00 seconds
2025-08-18 18:21:09,709 - __main__ - INFO - Results saved to: /Users/shaansisodia/DEV/realtime_monitoring_results.json
